Running: /opt/Xilinx/14.7/ISE_DS/ISE/bin/lin64/unwrapped/fuse -intstyle ise -incremental -o /home/ise/Documents/lab3/Strange_Counter_test_isim_beh.exe -prj /home/ise/Documents/lab3/Strange_Counter_test_beh.prj work.Strange_Counter_test 
ISim P.20131013 (signature 0xfbc00daa)
Number of CPUs detected in this system: 1
Turning on mult-threading, number of parallel sub-compilation jobs: 0 
Determining compilation order of HDL files
Parsing VHDL file "/home/ise/Documents/lab3/Strange_Counter.vhd" into library work
Parsing VHDL file "/home/ise/Documents/lab3/Strange_Counter_test.vhd" into library work
Starting static elaboration
Completed static elaboration
Fuse Memory Usage: 96652 KB
Fuse CPU Usage: 1570 ms
Compiling package standard
Compiling package std_logic_1164
Compiling package std_logic_arith
Compiling package std_logic_unsigned
Compiling architecture behavioral of entity Strange_Counter [strange_counter_default]
Compiling architecture behavior of entity strange_counter_test
Time Resolution for simulation is 1ps.
Compiled 7 VHDL Units
Built simulation executable /home/ise/Documents/lab3/Strange_Counter_test_isim_beh.exe
Fuse Memory Usage: 111928 KB
Fuse CPU Usage: 1830 ms
GCC CPU Usage: 700 ms
